<?xml version="1.0" encoding="UTF-8"?>
<!-- Generated by org.testng.reporters.JUnitReportReporter -->
<testsuite hostname="DESKTOP-PR4UNPF" failures="0" tests="1" name="testrunners.TestRunner" time="35.395" errors="0" timestamp="2024-11-27T13:40:14 IST" skipped="0">
  <testcase classname="testrunners.TestRunner" name="runScenario" time="35.395"/>
</testsuite> <!-- testrunners.TestRunner -->
